<?xml version="1.0" encoding="UTF-8"?>
<!-- Generated by org.testng.reporters.JUnitReportReporter -->
<testsuite hostname="Classroom-205" failures="0" tests="2" name="com.OrangeHRM.RunnerScripts.SmokeTC01" time="18.817" errors="0" timestamp="2024-12-10T07:25:50 IST" skipped="0">
  <testcase classname="com.OrangeHRM.RunnerScripts.SmokeTC01" name="CheckAdminDashboard" time="9.931"/>
  <testcase classname="com.OrangeHRM.RunnerScripts.SmokeTC01" name="CheckPIMPage" time="8.886"/>
</testsuite> <!-- com.OrangeHRM.RunnerScripts.SmokeTC01 -->
